Hand_MRTK_KC/Library/Bee/Android/Prj/IL2CPP/Gradle/launcher/build/intermediates/manifest_merge_blame_file/release/manifest-merger-blame-release-report.txt
1<?xml version="1.0" encoding="utf-8"?>
2<manifest xmlns:android="http://schemas.android.com/apk/res/android"
3    package="com.KC.MRTK_KC"
4    android:installLocation="preferExternal"
5    android:versionCode="1"
6    android:versionName="0.2" >
7
8    <uses-sdk
9        android:minSdkVersion="26"
9-->src\main\AndroidManifest.xml
10        android:targetSdkVersion="29" />
10-->src\main\AndroidManifest.xml
11
12    <supports-screens
12-->src\main\AndroidManifest.xml:3:3-163
13        android:anyDensity="true"
13-->src\main\AndroidManifest.xml:3:135-160
14        android:largeScreens="true"
14-->src\main\AndroidManifest.xml:3:78-105
15        android:normalScreens="true"
15-->src\main\AndroidManifest.xml:3:49-77
16        android:smallScreens="true"
16-->src\main\AndroidManifest.xml:3:21-48
17        android:xlargeScreens="true" />
17-->src\main\AndroidManifest.xml:3:106-134
18
19    <uses-feature android:glEsVersion="0x00030000" />
19-->[:unityLibrary] AndroidManifest.xml:12:5-54
19-->[:unityLibrary] AndroidManifest.xml:12:19-51
20
21    <uses-permission android:name="android.permission.INTERNET" />
21-->[:unityLibrary] AndroidManifest.xml:14:5-67
21-->[:unityLibrary] AndroidManifest.xml:14:22-64
22
23    <uses-feature
23-->[:unityLibrary] AndroidManifest.xml:16:5-18:36
24        android:name="android.hardware.touchscreen"
24-->[:unityLibrary] AndroidManifest.xml:17:9-52
25        android:required="false" />
25-->[:unityLibrary] AndroidManifest.xml:18:9-33
26    <uses-feature
26-->[:unityLibrary] AndroidManifest.xml:19:5-21:36
27        android:name="android.hardware.touchscreen.multitouch"
27-->[:unityLibrary] AndroidManifest.xml:20:9-63
28        android:required="false" />
28-->[:unityLibrary] AndroidManifest.xml:21:9-33
29    <uses-feature
29-->[:unityLibrary] AndroidManifest.xml:22:5-24:36
30        android:name="android.hardware.touchscreen.multitouch.distinct"
30-->[:unityLibrary] AndroidManifest.xml:23:9-72
31        android:required="false" />
31-->[:unityLibrary] AndroidManifest.xml:24:9-33
32
33    <queries>
33-->[:yyss_unityxrprovider-release:] AndroidManifest.xml:9:5-11:15
34        <package android:name="com.yyss.arcore" />
34-->[:yyss_unityxrprovider-release:] AndroidManifest.xml:10:9-51
34-->[:yyss_unityxrprovider-release:] AndroidManifest.xml:10:18-48
35    </queries>
36
37    <uses-permission android:name="com.yyss.arcore.service.YYSSPermission" />
37-->[:yyss_unityxrprovider-release:] AndroidManifest.xml:13:5-78
37-->[:yyss_unityxrprovider-release:] AndroidManifest.xml:13:22-75
38
39    <application
39-->src\main\AndroidManifest.xml:4:3-83
40        android:extractNativeLibs="true"
40-->[:unityLibrary] AndroidManifest.xml:26:18-50
41        android:icon="@mipmap/app_icon"
41-->src\main\AndroidManifest.xml:4:49-80
42        android:label="@string/app_name" >
42-->src\main\AndroidManifest.xml:4:16-48
43        <activity
43-->[:unityLibrary] AndroidManifest.xml:27:9-47:20
44            android:name="com.unity3d.player.UnityPlayerActivity"
44-->[:unityLibrary] AndroidManifest.xml:28:13-66
45            android:configChanges="mcc|mnc|locale|touchscreen|keyboard|keyboardHidden|navigation|orientation|screenLayout|uiMode|screenSize|smallestScreenSize|fontScale|layoutDirection|density"
45-->[:unityLibrary] AndroidManifest.xml:29:13-194
46            android:hardwareAccelerated="true"
46-->[:unityLibrary] AndroidManifest.xml:30:13-47
47            android:launchMode="singleTask"
47-->[:unityLibrary] AndroidManifest.xml:31:13-44
48            android:resizeableActivity="true"
48-->[:unityLibrary] AndroidManifest.xml:32:13-46
49            android:screenOrientation="landscape"
49-->[:unityLibrary] AndroidManifest.xml:33:13-50
50            android:theme="@style/UnityThemeSelector" >
50-->[:unityLibrary] AndroidManifest.xml:34:13-54
51            <intent-filter>
51-->[:unityLibrary] AndroidManifest.xml:35:13-39:29
52                <action android:name="android.intent.action.MAIN" />
52-->[:unityLibrary] AndroidManifest.xml:36:17-69
52-->[:unityLibrary] AndroidManifest.xml:36:25-66
53
54                <category android:name="android.intent.category.LAUNCHER" />
54-->[:unityLibrary] AndroidManifest.xml:38:17-77
54-->[:unityLibrary] AndroidManifest.xml:38:27-74
55            </intent-filter>
56
57            <meta-data
57-->[:unityLibrary] AndroidManifest.xml:41:13-43:40
58                android:name="unityplayer.UnityActivity"
58-->[:unityLibrary] AndroidManifest.xml:42:17-57
59                android:value="true" />
59-->[:unityLibrary] AndroidManifest.xml:43:17-37
60            <meta-data
60-->[:unityLibrary] AndroidManifest.xml:44:13-46:40
61                android:name="android.notch_support"
61-->[:unityLibrary] AndroidManifest.xml:45:17-53
62                android:value="true" />
62-->[:unityLibrary] AndroidManifest.xml:46:17-37
63        </activity>
64
65        <meta-data
65-->[:unityLibrary] AndroidManifest.xml:49:9-51:33
66            android:name="unity.splash-mode"
66-->[:unityLibrary] AndroidManifest.xml:50:13-45
67            android:value="0" />
67-->[:unityLibrary] AndroidManifest.xml:51:13-30
68        <meta-data
68-->[:unityLibrary] AndroidManifest.xml:52:9-54:36
69            android:name="unity.splash-enable"
69-->[:unityLibrary] AndroidManifest.xml:53:13-47
70            android:value="True" />
70-->[:unityLibrary] AndroidManifest.xml:54:13-33
71        <meta-data
71-->[:unityLibrary] AndroidManifest.xml:55:9-57:36
72            android:name="unity.launch-fullscreen"
72-->[:unityLibrary] AndroidManifest.xml:56:13-51
73            android:value="True" />
73-->[:unityLibrary] AndroidManifest.xml:57:13-33
74        <meta-data
74-->[:unityLibrary] AndroidManifest.xml:58:9-60:37
75            android:name="unity.allow-resizable-window"
75-->[:unityLibrary] AndroidManifest.xml:59:13-56
76            android:value="False" />
76-->[:unityLibrary] AndroidManifest.xml:60:13-34
77        <meta-data
77-->[:unityLibrary] AndroidManifest.xml:61:9-63:50
78            android:name="notch.config"
78-->[:unityLibrary] AndroidManifest.xml:62:13-40
79            android:value="portrait|landscape" />
79-->[:unityLibrary] AndroidManifest.xml:63:13-47
80        <meta-data
80-->[:unityLibrary] AndroidManifest.xml:64:9-66:36
81            android:name="unity.auto-report-fully-drawn"
81-->[:unityLibrary] AndroidManifest.xml:65:13-57
82            android:value="true" />
82-->[:unityLibrary] AndroidManifest.xml:66:13-33
83        <meta-data
83-->[:yyss_unityxrprovider-release:] AndroidManifest.xml:16:9-18:35
84            android:name="yyss.xrapplication"
84-->[:yyss_unityxrprovider-release:] AndroidManifest.xml:17:13-46
85            android:value="app" />
85-->[:yyss_unityxrprovider-release:] AndroidManifest.xml:18:13-32
86    </application>
87
88</manifest>